TN:
SF:src/api/middleware/auth.ts
FN:9,createAuthMiddleware
FN:10,(anonymous_1)
FNF:2
FNH:2
FNDA:171,createAuthMiddleware
FNDA:47,(anonymous_1)
DA:9,3
DA:10,171
DA:11,47
DA:13,47
DA:14,7
DA:15,7
DA:18,40
DA:19,40
DA:21,40
DA:22,1
DA:23,1
DA:26,39
DA:27,39
LF:13
LH:13
BRDA:13,0,0,7
BRDA:13,0,1,40
BRDA:13,1,0,47
BRDA:13,1,1,40
BRDA:21,2,0,1
BRDA:21,2,1,39
BRF:6
BRH:6
end_of_record
TN:
SF:src/api/middleware/deviceContext.ts
FN:8,deviceContextMiddleware
FNF:1
FNH:1
FNDA:28,deviceContextMiddleware
DA:8,3
DA:9,28
DA:14,28
LF:3
LH:3
BRDA:10,0,0,28
BRDA:10,0,1,28
BRDA:11,1,0,28
BRDA:11,1,1,28
BRDA:11,1,2,0
BRF:5
BRH:4
end_of_record
TN:
SF:src/api/routes/auth.ts
FN:9,createAuthRouter
FN:17,(anonymous_1)
FN:67,(anonymous_2)
FN:92,(anonymous_3)
FN:123,(anonymous_4)
FN:155,(anonymous_5)
FNF:6
FNH:6
FNDA:57,createAuthRouter
FNDA:14,(anonymous_1)
FNDA:2,(anonymous_2)
FNDA:3,(anonymous_3)
FNDA:3,(anonymous_4)
FNDA:3,(anonymous_5)
DA:1,3
DA:3,3
DA:4,3
DA:9,3
DA:10,57
DA:11,57
DA:14,57
DA:17,57
DA:18,14
DA:19,14
DA:20,14
DA:28,14
DA:29,1
DA:30,1
DA:33,13
DA:34,1
DA:35,1
DA:38,12
DA:40,12
DA:41,2
DA:45,2
DA:48,10
DA:49,2
DA:50,2
DA:53,8
DA:61,0
DA:62,0
DA:67,57
DA:68,2
DA:69,2
DA:70,2
DA:72,2
DA:73,1
DA:74,1
DA:77,1
DA:79,1
DA:80,0
DA:81,0
DA:84,1
DA:86,0
DA:87,0
DA:92,57
DA:93,3
DA:94,3
DA:95,3
DA:97,3
DA:98,1
DA:99,1
DA:102,2
DA:104,2
DA:105,1
DA:106,1
DA:109,1
DA:117,0
DA:118,0
DA:123,57
DA:124,3
DA:125,3
DA:126,3
DA:128,3
DA:129,1
DA:130,1
DA:133,2
DA:142,2
DA:143,1
DA:144,1
DA:147,1
DA:149,0
DA:150,0
DA:155,57
DA:156,3
DA:157,3
DA:158,3
DA:160,3
DA:161,1
DA:162,1
DA:165,2
DA:168,2
DA:170,0
DA:171,0
DA:175,57
LF:81
LH:69
BRDA:28,0,0,1
BRDA:28,0,1,13
BRDA:33,1,0,1
BRDA:33,1,1,12
BRDA:33,2,0,13
BRDA:33,2,1,1
BRDA:40,3,0,2
BRDA:40,3,1,10
BRDA:48,4,0,2
BRDA:48,4,1,8
BRDA:72,5,0,1
BRDA:72,5,1,1
BRDA:79,6,0,0
BRDA:79,6,1,1
BRDA:97,7,0,1
BRDA:97,7,1,2
BRDA:104,8,0,1
BRDA:104,8,1,1
BRDA:128,9,0,1
BRDA:128,9,1,2
BRDA:128,10,0,3
BRDA:128,10,1,2
BRDA:142,11,0,1
BRDA:142,11,1,1
BRDA:160,12,0,1
BRDA:160,12,1,2
BRF:26
BRH:25
end_of_record
TN:
SF:src/api/routes/connections.ts
FN:6,createConnectionRoutes
FN:17,(anonymous_1)
FN:39,(anonymous_2)
FN:87,(anonymous_3)
FNF:4
FNH:4
FNDA:57,createConnectionRoutes
FNDA:3,(anonymous_1)
FNDA:4,(anonymous_2)
FNDA:8,(anonymous_3)
DA:1,3
DA:3,3
DA:6,3
DA:10,57
DA:11,57
DA:14,57
DA:18,3
DA:19,3
DA:21,3
DA:22,0
DA:25,3
DA:27,3
DA:28,0
DA:31,3
DA:36,57
DA:40,4
DA:41,4
DA:42,4
DA:43,4
DA:45,4
DA:46,0
DA:49,4
DA:50,4
DA:55,4
DA:61,4
DA:62,3
DA:63,1
DA:65,2
DA:66,1
DA:69,1
DA:76,1
DA:84,57
DA:88,8
DA:89,8
DA:90,8
DA:91,8
DA:92,8
DA:94,8
DA:95,0
DA:98,8
DA:99,8
DA:104,8
DA:111,8
DA:112,3
DA:113,1
DA:115,2
DA:116,2
DA:121,0
DA:124,5
DA:131,57
LF:50
LH:45
BRDA:21,0,0,0
BRDA:21,0,1,3
BRDA:27,1,0,0
BRDA:27,1,1,3
BRDA:43,2,0,0
BRDA:43,2,1,4
BRDA:45,3,0,0
BRDA:45,3,1,4
BRDA:51,4,0,4
BRDA:51,4,1,0
BRDA:52,5,0,0
BRDA:52,5,1,4
BRDA:52,6,0,4
BRDA:52,6,1,4
BRDA:61,7,0,3
BRDA:61,7,1,1
BRDA:62,8,0,1
BRDA:62,8,1,2
BRDA:65,9,0,1
BRDA:65,9,1,1
BRDA:91,10,0,0
BRDA:91,10,1,8
BRDA:94,11,0,0
BRDA:94,11,1,8
BRDA:100,12,0,8
BRDA:100,12,1,0
BRDA:101,13,0,0
BRDA:101,13,1,8
BRDA:101,14,0,8
BRDA:101,14,1,8
BRDA:111,15,0,3
BRDA:111,15,1,5
BRDA:112,16,0,1
BRDA:112,16,1,2
BRDA:115,17,0,2
BRDA:115,17,1,0
BRF:36
BRH:25
end_of_record
TN:
SF:src/api/routes/profile.ts
FN:6,createProfileRouter
FN:11,(anonymous_1)
FN:29,(anonymous_2)
FN:42,(anonymous_3)
FN:73,(anonymous_4)
FN:101,(anonymous_5)
FN:124,(anonymous_6)
FNF:7
FNH:7
FNDA:57,createProfileRouter
FNDA:2,(anonymous_1)
FNDA:5,(anonymous_2)
FNDA:30,(anonymous_3)
FNDA:3,(anonymous_4)
FNDA:5,(anonymous_5)
FNDA:4,(anonymous_6)
DA:1,3
DA:3,3
DA:6,3
DA:7,57
DA:8,57
DA:11,57
DA:12,2
DA:13,2
DA:14,2
DA:16,2
DA:17,1
DA:18,1
DA:21,1
DA:23,0
DA:24,0
DA:29,57
DA:30,5
DA:31,5
DA:32,5
DA:42,5
DA:43,30
DA:44,21
DA:48,5
DA:50,5
DA:51,1
DA:52,1
DA:53,1
DA:55,0
DA:56,0
DA:59,4
DA:60,4
DA:61,3
DA:62,3
DA:65,4
DA:67,0
DA:68,0
DA:73,57
DA:74,3
DA:75,3
DA:76,3
DA:78,3
DA:79,1
DA:80,1
DA:83,2
DA:85,2
DA:86,1
DA:87,1
DA:90,1
DA:95,0
DA:96,0
DA:101,57
DA:102,5
DA:103,5
DA:104,5
DA:106,5
DA:107,1
DA:108,1
DA:111,4
DA:118,0
DA:119,0
DA:124,57
DA:125,4
DA:126,4
DA:127,4
DA:129,4
DA:130,2
DA:131,1
DA:132,1
DA:134,1
DA:135,1
DA:138,2
DA:142,0
DA:143,0
DA:147,57
LF:74
LH:62
BRDA:16,0,0,1
BRDA:16,0,1,1
BRDA:43,1,0,21
BRDA:43,1,1,9
BRDA:50,2,0,1
BRDA:50,2,1,4
BRDA:51,3,0,1
BRDA:51,3,1,0
BRDA:60,4,0,3
BRDA:60,4,1,1
BRDA:78,5,0,1
BRDA:78,5,1,2
BRDA:85,6,0,1
BRDA:85,6,1,1
BRDA:106,7,0,1
BRDA:106,7,1,4
BRDA:129,8,0,2
BRDA:129,8,1,2
BRDA:130,9,0,1
BRDA:130,9,1,1
BRF:20
BRH:19
end_of_record
TN:
SF:src/api/routes/transactions.ts
FN:10,createTransactionRoutes
FN:20,(anonymous_1)
FN:58,(anonymous_2)
FN:82,(anonymous_3)
FNF:4
FNH:4
FNDA:14,createTransactionRoutes
FNDA:10,(anonymous_1)
FNDA:2,(anonymous_2)
FNDA:3,(anonymous_3)
DA:1,1
DA:4,1
DA:10,1
DA:14,14
DA:20,14
DA:21,10
DA:22,10
DA:24,10
DA:25,0
DA:28,10
DA:29,1
DA:32,9
DA:34,9
DA:35,1
DA:43,8
DA:58,14
DA:59,2
DA:60,2
DA:61,2
DA:63,2
DA:64,0
DA:67,2
DA:68,2
DA:70,2
DA:82,14
DA:83,3
DA:84,3
DA:86,3
DA:87,0
DA:90,3
DA:92,3
DA:93,1
DA:96,2
DA:97,1
DA:100,1
DA:103,14
LF:36
LH:33
BRDA:24,0,0,0
BRDA:24,0,1,10
BRDA:28,1,0,1
BRDA:28,1,1,9
BRDA:34,2,0,1
BRDA:34,2,1,8
BRDA:60,3,0,2
BRDA:60,3,1,1
BRDA:61,4,0,2
BRDA:61,4,1,2
BRDA:63,5,0,0
BRDA:63,5,1,2
BRDA:86,6,0,0
BRDA:86,6,1,3
BRDA:92,7,0,1
BRDA:92,7,1,2
BRDA:96,8,0,1
BRDA:96,8,1,1
BRF:18
BRH:15
end_of_record
TN:
SF:src/application/services/AuthService.ts
FN:52,(anonymous_0)
FN:63,(anonymous_1)
FN:145,(anonymous_2)
FN:157,(anonymous_3)
FN:198,(anonymous_4)
FN:230,(anonymous_5)
FN:247,(anonymous_6)
FN:263,(anonymous_7)
FN:277,(anonymous_8)
FN:296,(anonymous_9)
FNF:10
FNH:10
FNDA:81,(anonymous_0)
FNDA:30,(anonymous_1)
FNDA:4,(anonymous_2)
FNDA:5,(anonymous_3)
FNDA:7,(anonymous_4)
FNDA:5,(anonymous_5)
FNDA:29,(anonymous_6)
FNDA:2,(anonymous_7)
FNDA:35,(anonymous_8)
FNDA:45,(anonymous_9)
DA:1,4
DA:3,4
DA:4,4
DA:11,4
DA:49,4
DA:51,4
DA:53,81
DA:54,81
DA:55,81
DA:56,81
DA:57,81
DA:58,81
DA:59,81
DA:60,81
DA:65,30
DA:66,30
DA:67,1
DA:68,1
DA:72,29
DA:73,29
DA:74,3
DA:75,3
DA:79,26
DA:81,7
DA:82,7
DA:84,7
DA:86,5
DA:88,5
DA:89,1
DA:90,1
DA:91,1
DA:97,4
DA:103,5
DA:111,2
DA:112,2
DA:113,2
DA:114,2
DA:118,0
DA:122,19
DA:123,19
DA:125,19
DA:135,19
DA:136,19
DA:138,19
DA:146,4
DA:147,4
DA:148,1
DA:151,3
DA:152,3
DA:154,3
DA:158,5
DA:159,5
DA:160,2
DA:163,3
DA:164,3
DA:165,1
DA:168,2
DA:169,2
DA:170,0
DA:174,2
DA:176,2
DA:177,2
DA:179,2
DA:189,2
DA:191,2
DA:199,7
DA:200,7
DA:201,0
DA:205,7
DA:206,7
DA:207,2
DA:211,5
DA:212,5
DA:213,1
DA:217,4
DA:218,4
DA:221,4
DA:224,4
DA:225,4
DA:227,4
DA:231,5
DA:234,5
DA:235,2
DA:238,3
DA:241,3
DA:242,3
DA:244,3
DA:249,29
DA:250,28
DA:254,1
DA:257,1
DA:260,0
DA:265,2
DA:266,2
DA:270,0
DA:271,0
DA:274,0
DA:283,35
DA:292,35
DA:297,45
LF:100
LH:93
BRDA:66,0,0,1
BRDA:66,0,1,29
BRDA:73,1,0,3
BRDA:73,1,1,26
BRDA:79,2,0,7
BRDA:79,2,1,19
BRDA:84,3,0,5
BRDA:84,3,1,2
BRDA:84,4,0,7
BRDA:84,4,1,5
BRDA:86,5,0,4
BRDA:86,5,1,1
BRDA:88,6,0,1
BRDA:88,6,1,4
BRDA:88,7,0,5
BRDA:88,7,1,1
BRDA:112,8,0,2
BRDA:112,8,1,0
BRDA:147,9,0,1
BRDA:147,9,1,3
BRDA:147,10,0,4
BRDA:147,10,1,3
BRDA:159,11,0,2
BRDA:159,11,1,3
BRDA:164,12,0,1
BRDA:164,12,1,2
BRDA:164,13,0,3
BRDA:164,13,1,3
BRDA:164,13,2,2
BRDA:169,14,0,0
BRDA:169,14,1,2
BRDA:200,15,0,0
BRDA:200,15,1,7
BRDA:200,16,0,7
BRDA:200,16,1,7
BRDA:206,17,0,2
BRDA:206,17,1,5
BRDA:212,18,0,1
BRDA:212,18,1,4
BRDA:234,19,0,2
BRDA:234,19,1,3
BRDA:249,20,0,28
BRDA:249,20,1,1
BRDA:249,21,0,29
BRDA:249,21,1,28
BRDA:254,22,0,1
BRDA:254,22,1,0
BRDA:254,23,0,1
BRDA:254,23,1,1
BRDA:265,24,0,2
BRDA:265,24,1,0
BRDA:265,25,0,2
BRDA:265,25,1,2
BRDA:270,26,0,0
BRDA:270,26,1,0
BRDA:270,27,0,0
BRDA:270,27,1,0
BRDA:281,28,0,26
BRF:58
BRH:49
end_of_record
TN:
SF:src/application/services/ConnectionService.ts
FN:36,(anonymous_0)
FN:45,(anonymous_1)
FN:53,(anonymous_2)
FN:109,(anonymous_3)
FN:174,(anonymous_4)
FNF:5
FNH:5
FNDA:78,(anonymous_0)
FNDA:6,(anonymous_1)
FNDA:10,(anonymous_2)
FNDA:16,(anonymous_3)
FNDA:4,(anonymous_4)
DA:1,4
DA:2,4
DA:3,4
DA:35,4
DA:37,78
DA:38,78
DA:39,78
DA:40,78
DA:41,78
DA:42,78
DA:46,6
DA:47,6
DA:58,10
DA:60,10
DA:61,2
DA:64,8
DA:65,1
DA:68,7
DA:69,2
DA:73,5
DA:75,5
DA:77,2
DA:78,2
DA:79,2
DA:80,2
DA:83,2
DA:89,2
DA:97,3
DA:98,3
DA:99,3
DA:100,3
DA:101,3
DA:103,3
DA:115,16
DA:116,3
DA:119,13
DA:121,13
DA:122,2
DA:125,11
DA:126,1
DA:130,10
DA:133,10
DA:136,10
DA:147,10
DA:150,10
DA:163,10
DA:166,10
DA:168,10
DA:175,4
DA:177,4
DA:183,4
DA:184,5
DA:186,5
DA:187,4
DA:188,4
DA:189,4
DA:190,4
DA:191,4
DA:193,1
DA:194,1
DA:195,1
DA:198,1
DA:204,1
DA:205,1
DA:212,4
DA:213,4
LF:66
LH:66
BRDA:60,0,0,2
BRDA:60,0,1,8
BRDA:64,1,0,1
BRDA:64,1,1,7
BRDA:68,2,0,2
BRDA:68,2,1,5
BRDA:75,3,0,2
BRDA:75,3,1,3
BRDA:78,4,0,2
BRDA:78,4,1,0
BRDA:115,5,0,3
BRDA:115,5,1,13
BRDA:121,6,0,2
BRDA:121,6,1,11
BRDA:125,7,0,1
BRDA:125,7,1,10
BRDA:186,8,0,4
BRDA:186,8,1,1
BRDA:194,9,0,1
BRDA:194,9,1,0
BRF:20
BRH:18
end_of_record
TN:
SF:src/application/services/ProfileService.ts
FN:37,(anonymous_0)
FN:44,(anonymous_1)
FN:58,(anonymous_2)
FN:108,(anonymous_3)
FN:138,(anonymous_4)
FN:175,(anonymous_5)
FN:200,(anonymous_6)
FNF:7
FNH:7
FNDA:83,(anonymous_0)
FNDA:5,(anonymous_1)
FNDA:13,(anonymous_2)
FNDA:7,(anonymous_3)
FNDA:10,(anonymous_4)
FNDA:9,(anonymous_5)
FNDA:2,(anonymous_6)
DA:1,4
DA:2,4
DA:36,4
DA:38,83
DA:39,83
DA:40,83
DA:41,83
DA:45,5
DA:47,5
DA:48,1
DA:51,4
DA:52,2
DA:55,2
DA:59,13
DA:61,13
DA:62,1
DA:65,12
DA:66,1
DA:69,11
DA:72,11
DA:74,8
DA:75,8
DA:76,2
DA:80,6
DA:81,6
DA:83,6
DA:84,6
DA:85,6
DA:88,6
DA:89,6
DA:93,9
DA:94,9
DA:95,9
DA:96,9
DA:97,9
DA:99,9
DA:101,9
DA:109,7
DA:111,7
DA:112,1
DA:115,6
DA:116,1
DA:119,5
DA:120,2
DA:123,3
DA:124,1
DA:128,2
DA:129,2
DA:130,2
DA:131,2
DA:133,2
DA:135,2
DA:139,10
DA:141,10
DA:142,1
DA:145,9
DA:146,2
DA:150,7
DA:153,7
DA:156,7
DA:158,7
DA:159,7
DA:162,7
DA:163,7
DA:166,7
DA:168,7
DA:176,9
DA:178,9
DA:179,1
DA:182,8
DA:183,2
DA:187,6
DA:188,2
DA:192,4
DA:195,4
DA:197,4
DA:201,2
DA:202,2
DA:204,2
DA:205,2
DA:206,1
DA:207,1
DA:208,1
DA:211,2
LF:84
LH:84
BRDA:47,0,0,1
BRDA:47,0,1,4
BRDA:51,1,0,2
BRDA:51,1,1,2
BRDA:61,2,0,1
BRDA:61,2,1,12
BRDA:65,3,0,1
BRDA:65,3,1,11
BRDA:72,4,0,8
BRDA:72,4,1,3
BRDA:72,5,0,11
BRDA:72,5,1,9
BRDA:75,6,0,2
BRDA:75,6,1,6
BRDA:75,7,0,8
BRDA:75,7,1,2
BRDA:93,8,0,3
BRDA:93,8,1,6
BRDA:94,9,0,2
BRDA:94,9,1,7
BRDA:95,10,0,2
BRDA:95,10,1,7
BRDA:96,11,0,2
BRDA:96,11,1,7
BRDA:97,12,0,2
BRDA:97,12,1,7
BRDA:111,13,0,1
BRDA:111,13,1,6
BRDA:115,14,0,1
BRDA:115,14,1,5
BRDA:115,15,0,6
BRDA:115,15,1,5
BRDA:119,16,0,2
BRDA:119,16,1,3
BRDA:123,17,0,1
BRDA:123,17,1,2
BRDA:123,18,0,3
BRDA:123,18,1,3
BRDA:141,19,0,1
BRDA:141,19,1,9
BRDA:145,20,0,2
BRDA:145,20,1,7
BRDA:159,21,0,7
BRDA:159,21,1,0
BRDA:178,22,0,1
BRDA:178,22,1,8
BRDA:182,23,0,2
BRDA:182,23,1,6
BRDA:187,24,0,2
BRDA:187,24,1,4
BRDA:187,25,0,6
BRDA:187,25,1,6
BRF:52
BRH:51
end_of_record
TN:
SF:src/application/services/TransactionSyncService.ts
FN:39,(anonymous_0)
FN:54,(anonymous_1)
FN:113,(anonymous_2)
FN:142,(anonymous_3)
FN:167,(anonymous_4)
FN:258,(anonymous_5)
FN:309,(anonymous_6)
FN:319,(anonymous_7)
FN:327,(anonymous_8)
FN:356,(anonymous_9)
FN:357,(anonymous_10)
FNF:11
FNH:11
FNDA:31,(anonymous_0)
FNDA:29,(anonymous_1)
FNDA:3,(anonymous_2)
FNDA:27,(anonymous_3)
FNDA:5738,(anonymous_4)
FNDA:34,(anonymous_5)
FNDA:20,(anonymous_6)
FNDA:20,(anonymous_7)
FNDA:5738,(anonymous_8)
FNDA:16,(anonymous_9)
FNDA:16,(anonymous_10)
DA:1,2
DA:2,2
DA:28,2
DA:29,2
DA:30,2
DA:36,2
DA:40,31
DA:41,31
DA:42,31
DA:43,31
DA:46,31
DA:55,29
DA:57,29
DA:58,1
DA:70,28
DA:71,1
DA:84,27
DA:85,27
DA:86,27
DA:88,27
DA:91,27
DA:93,24
DA:94,24
DA:97,3
DA:98,3
DA:102,27
DA:114,3
DA:116,3
DA:123,3
DA:124,4
DA:126,4
DA:127,3
DA:128,3
DA:129,3
DA:131,1
DA:135,3
DA:136,3
DA:148,27
DA:150,27
DA:151,27
DA:152,27
DA:155,27
DA:156,34
DA:157,34
DA:164,30
DA:167,30
DA:168,5738
DA:171,30
DA:172,30
DA:173,30
DA:174,30
DA:177,4
DA:178,4
DA:181,4
DA:182,4
DA:183,4
DA:185,4
DA:201,23
DA:202,23
DA:204,0
DA:205,0
DA:207,0
DA:221,23
DA:222,23
DA:223,23
DA:224,23
DA:227,23
DA:239,23
DA:241,23
DA:243,23
DA:269,34
DA:270,34
DA:272,34
DA:273,50
DA:274,50
DA:281,30
DA:289,20
DA:292,20
DA:293,16
DA:294,16
DA:295,16
DA:296,16
DA:299,4
DA:303,0
DA:310,20
DA:319,20
DA:320,20
DA:332,5738
DA:333,5738
DA:336,5738
DA:357,16
LF:91
LH:87
BRDA:46,0,0,31
BRDA:46,0,1,0
BRDA:57,1,0,1
BRDA:57,1,1,28
BRDA:70,2,0,1
BRDA:70,2,1,27
BRDA:86,3,0,24
BRDA:86,3,1,3
BRDA:91,4,0,24
BRDA:91,4,1,3
BRDA:126,5,0,3
BRDA:126,5,1,1
BRDA:177,6,0,4
BRDA:177,6,1,0
BRDA:204,7,0,0
BRDA:204,7,1,0
BRDA:289,8,0,20
BRDA:289,8,1,0
BRDA:292,9,0,16
BRDA:292,9,1,4
BRDA:292,10,0,20
BRDA:292,10,1,20
BRDA:303,11,0,0
BRDA:303,11,1,0
BRDA:332,12,0,5738
BRDA:332,12,1,0
BRDA:332,12,2,0
BRDA:333,13,0,5738
BRDA:333,13,1,577
BRDA:346,14,0,435
BRDA:346,14,1,5303
BRDA:347,15,0,435
BRDA:347,15,1,5303
BRDA:350,16,0,5735
BRDA:350,16,1,3
BRDA:351,17,0,293
BRDA:351,17,1,5445
BRF:37
BRH:28
end_of_record
TN:
SF:src/config/index.ts
FN:8,loadConfig
FNF:1
FNH:1
FNDA:57,loadConfig
DA:8,3
DA:9,57
LF:2
LH:2
BRDA:10,0,0,57
BRDA:10,0,1,57
BRDA:11,1,0,57
BRDA:11,1,1,57
BRDA:12,2,0,57
BRDA:12,2,1,57
BRDA:13,3,0,57
BRDA:13,3,1,0
BRF:8
BRH:7
end_of_record
TN:
SF:src/domain/entities/AuthSession.ts
FN:13,createAuthSession
FN:35,isSessionValid
FNF:2
FNH:2
FNDA:67,createAuthSession
FNDA:6,isSessionValid
DA:13,6
DA:22,67
DA:35,6
DA:36,6
LF:4
LH:4
BRDA:28,0,0,67
BRDA:28,0,1,54
BRDA:36,1,0,6
BRDA:36,1,1,4
BRF:4
BRH:4
end_of_record
TN:
SF:src/domain/entities/Connection.ts
FN:16,createConnection
FN:47,toConnectionSummary
FNF:2
FNH:2
FNDA:75,createConnection
FNDA:12,toConnectionSummary
DA:16,7
DA:24,75
DA:47,7
DA:48,12
LF:4
LH:4
BRDA:30,0,0,75
BRDA:30,0,1,38
BRF:2
BRH:2
end_of_record
TN:
SF:src/domain/entities/SecurityEvent.ts
FN:24,createSecurityEvent
FNF:1
FNH:1
FNDA:75,createSecurityEvent
DA:24,7
DA:33,75
LF:2
LH:2
BRDA:39,0,0,75
BRDA:39,0,1,52
BRDA:40,1,0,75
BRDA:40,1,1,29
BRF:4
BRH:4
end_of_record
TN:
SF:src/domain/entities/Subscription.ts
FN:17,createSubscription
FNF:1
FNH:1
FNDA:19,createSubscription
DA:17,3
DA:28,19
LF:2
LH:2
BRDA:34,0,0,19
BRDA:34,0,1,18
BRDA:35,1,0,19
BRDA:35,1,1,18
BRDA:36,2,0,19
BRDA:36,2,1,18
BRDA:37,3,0,19
BRDA:37,3,1,15
BRF:8
BRH:8
end_of_record
TN:
SF:src/domain/entities/Transaction.ts
FN:43,createTransaction
FN:82,toTransactionSummary
FNF:2
FNH:2
FNDA:5785,createTransaction
FNDA:9,toTransactionSummary
DA:43,2
DA:44,5785
DA:47,5785
DA:82,2
DA:83,9
LF:5
LH:5
BRDA:44,0,0,5785
BRDA:44,0,1,436
BRDA:53,1,0,5785
BRDA:53,1,1,46
BRDA:57,2,0,436
BRDA:57,2,1,5349
BRDA:57,3,0,436
BRDA:57,3,1,0
BRDA:58,4,0,436
BRDA:58,4,1,5349
BRDA:58,5,0,436
BRDA:58,5,1,0
BRDA:59,6,0,5785
BRDA:59,6,1,47
BRDA:61,7,0,5785
BRDA:61,7,1,50
BRDA:62,8,0,5785
BRDA:62,8,1,47
BRDA:63,9,0,5785
BRDA:63,9,1,47
BRF:20
BRH:18
end_of_record
TN:
SF:src/domain/entities/User.ts
FN:27,createUser
FN:79,toUserProfile
FNF:2
FNH:2
FNDA:100,createUser
FNDA:13,toUserProfile
DA:27,7
DA:42,100
DA:79,7
DA:80,13
LF:4
LH:4
BRDA:45,0,0,100
BRDA:45,0,1,34
BRDA:46,1,0,100
BRDA:46,1,1,96
BRDA:47,2,0,100
BRDA:47,2,1,96
BRDA:48,3,0,100
BRDA:48,3,1,94
BRDA:49,4,0,100
BRDA:49,4,1,95
BRDA:50,5,0,100
BRDA:50,5,1,98
BRDA:51,6,0,100
BRDA:51,6,1,68
BRDA:52,7,0,100
BRDA:52,7,1,98
BRDA:53,8,0,100
BRDA:53,8,1,99
BRDA:54,9,0,100
BRDA:54,9,1,98
BRDA:55,10,0,100
BRDA:55,10,1,99
BRF:22
BRH:22
end_of_record
TN:
SF:src/domain/events/DomainEvents.ts
FN:37,(anonymous_0)
FN:42,(anonymous_1)
FN:59,(anonymous_2)
FN:63,(anonymous_3)
FN:68,(anonymous_4)
FN:72,(anonymous_5)
FN:73,(anonymous_6)
FN:76,(anonymous_7)
FN:77,(anonymous_8)
FN:80,(anonymous_9)
FNF:10
FNH:9
FNDA:113,(anonymous_0)
FNDA:39,(anonymous_1)
FNDA:2,(anonymous_2)
FNDA:0,(anonymous_3)
FNDA:2,(anonymous_4)
FNDA:3,(anonymous_5)
FNDA:4,(anonymous_6)
FNDA:2,(anonymous_7)
FNDA:2,(anonymous_8)
FNDA:54,(anonymous_9)
DA:37,7
DA:38,113
DA:39,113
DA:40,113
DA:43,39
DA:44,39
DA:46,39
DA:47,16
DA:48,2
DA:52,39
DA:53,23
DA:54,0
DA:60,2
DA:64,0
DA:69,2
DA:73,4
DA:77,2
DA:81,54
DA:82,54
DA:83,54
LF:20
LH:18
BRDA:46,0,0,16
BRDA:46,0,1,23
BRDA:52,1,0,23
BRDA:52,1,1,16
BRF:4
BRH:4
end_of_record
TN:
SF:src/domain/value-objects/Tokens.ts
FNF:0
FNH:0
DA:22,5
DA:23,5
LF:2
LH:2
BRF:0
BRH:0
end_of_record
TN:
SF:src/infrastructure/providers/AlertProvider.ts
FN:15,(anonymous_0)
FN:18,(anonymous_1)
FN:32,(anonymous_2)
FN:36,(anonymous_3)
FN:37,(anonymous_4)
FN:40,(anonymous_5)
FNF:6
FNH:5
FNDA:78,(anonymous_0)
FNDA:3,(anonymous_1)
FNDA:0,(anonymous_2)
FNDA:3,(anonymous_3)
FNDA:3,(anonymous_4)
FNDA:18,(anonymous_5)
DA:15,4
DA:16,78
DA:19,3
DA:27,3
DA:28,3
DA:33,0
DA:37,3
DA:41,18
LF:8
LH:7
BRF:0
BRH:0
end_of_record
TN:
SF:src/infrastructure/providers/EmailProvider.ts
FN:10,(anonymous_0)
FN:13,(anonymous_1)
FN:19,(anonymous_2)
FN:25,(anonymous_3)
FN:31,(anonymous_4)
FN:37,(anonymous_5)
FN:44,(anonymous_6)
FN:48,(anonymous_7)
FNF:8
FNH:8
FNDA:107,(anonymous_0)
FNDA:3,(anonymous_1)
FNDA:4,(anonymous_2)
FNDA:6,(anonymous_3)
FNDA:7,(anonymous_4)
FNDA:4,(anonymous_5)
FNDA:10,(anonymous_6)
FNDA:66,(anonymous_7)
DA:10,5
DA:11,107
DA:14,3
DA:15,3
DA:16,3
DA:20,4
DA:21,4
DA:22,4
DA:26,6
DA:27,6
DA:28,6
DA:32,7
DA:33,7
DA:34,7
DA:38,4
DA:39,4
DA:40,4
DA:45,10
DA:49,66
LF:19
LH:19
BRF:0
BRH:0
end_of_record
TN:
SF:src/infrastructure/providers/PasswordProvider.ts
FN:12,(anonymous_1)
FN:16,(anonymous_2)
FN:20,(anonymous_3)
FNF:3
FNH:3
FNDA:36,(anonymous_1)
FNDA:37,(anonymous_2)
FNDA:12,(anonymous_3)
DA:1,5
DA:9,5
DA:11,5
DA:13,36
DA:17,37
DA:21,12
DA:23,12
DA:24,3
DA:26,12
DA:27,3
DA:29,12
DA:30,1
DA:32,12
DA:33,3
DA:35,12
DA:36,3
DA:39,12
LF:17
LH:17
BRDA:23,0,0,3
BRDA:23,0,1,9
BRDA:26,1,0,3
BRDA:26,1,1,9
BRDA:29,2,0,1
BRDA:29,2,1,11
BRDA:32,3,0,3
BRDA:32,3,1,9
BRDA:35,4,0,3
BRDA:35,4,1,9
BRF:10
BRH:10
end_of_record
TN:
SF:src/infrastructure/providers/PlaidProvider.ts
FN:48,(anonymous_0)
FN:56,(anonymous_1)
FN:72,(anonymous_2)
FN:78,(anonymous_3)
FN:87,(anonymous_4)
FN:91,(anonymous_5)
FN:110,(anonymous_6)
FN:132,(anonymous_7)
FN:138,(anonymous_8)
FN:142,(anonymous_9)
FN:146,(anonymous_10)
FN:154,(anonymous_11)
FN:164,(anonymous_12)
FN:168,(anonymous_13)
FN:174,(anonymous_14)
FN:178,(anonymous_15)
FNF:16
FNH:16
FNDA:135,(anonymous_0)
FNDA:7,(anonymous_1)
FNDA:10,(anonymous_2)
FNDA:10,(anonymous_3)
FNDA:1,(anonymous_4)
FNDA:50,(anonymous_5)
FNDA:15308,(anonymous_6)
FNDA:3,(anonymous_7)
FNDA:1,(anonymous_8)
FNDA:2,(anonymous_9)
FNDA:3,(anonymous_10)
FNDA:93,(anonymous_11)
FNDA:2,(anonymous_12)
FNDA:1,(anonymous_13)
FNDA:6,(anonymous_14)
FNDA:20,(anonymous_15)
DA:48,7
DA:49,135
DA:50,135
DA:51,135
DA:52,135
DA:53,135
DA:54,135
DA:57,7
DA:58,7
DA:60,7
DA:61,2
DA:62,2
DA:63,2
DA:64,3
DA:66,2
DA:69,7
DA:73,10
DA:74,10
DA:75,10
DA:79,10
DA:80,3
DA:81,3
DA:83,7
DA:84,7
DA:88,1
DA:98,50
DA:99,50
DA:100,20
DA:101,20
DA:104,30
DA:107,30
DA:108,30
DA:110,30
DA:111,15308
DA:115,30
DA:116,30
DA:117,30
DA:118,30
DA:120,30
DA:122,30
DA:133,3
DA:134,3
DA:135,3
DA:139,1
DA:143,2
DA:147,3
DA:148,3
DA:150,0
DA:155,93
DA:156,93
DA:157,93
DA:158,93
DA:159,93
DA:160,93
DA:165,2
DA:169,1
DA:170,1
DA:171,1
DA:175,6
DA:179,20
DA:180,20
DA:183,20
DA:184,20
DA:186,20
DA:187,5755
DA:188,5755
DA:190,5755
DA:191,5755
DA:192,5755
DA:194,5755
DA:211,20
LF:71
LH:70
BRDA:57,0,0,7
BRDA:57,0,1,5
BRDA:60,1,0,2
BRDA:60,1,1,5
BRDA:79,2,0,3
BRDA:79,2,1,7
BRDA:88,3,0,1
BRDA:88,3,1,1
BRDA:98,4,0,50
BRDA:98,4,1,30
BRDA:99,5,0,20
BRDA:99,5,1,30
BRDA:104,6,0,30
BRDA:104,6,1,0
BRDA:111,7,0,15308
BRDA:111,7,1,15238
BRDA:116,8,0,7
BRDA:116,8,1,23
BRDA:127,9,0,7
BRDA:127,9,1,23
BRDA:133,10,0,3
BRDA:133,10,1,2
BRDA:139,11,0,1
BRDA:139,11,1,0
BRDA:147,12,0,3
BRDA:147,12,1,0
BRDA:169,13,0,1
BRDA:169,13,1,0
BRDA:202,14,0,577
BRDA:202,14,1,5178
BRDA:203,15,0,577
BRDA:203,15,1,5178
BRDA:204,16,0,2879
BRDA:204,16,1,2876
BRF:34
BRH:30
end_of_record
TN:
SF:src/infrastructure/providers/TokenProvider.ts
FN:18,(anonymous_1)
FN:23,(anonymous_2)
FN:53,(anonymous_3)
FN:62,(anonymous_4)
FNF:4
FNH:4
FNDA:90,(anonymous_1)
FNDA:58,(anonymous_2)
FNDA:43,(anonymous_3)
FNDA:8,(anonymous_4)
DA:1,5
DA:3,5
DA:17,5
DA:19,90
DA:20,90
DA:24,58
DA:25,58
DA:26,58
DA:28,58
DA:35,58
DA:42,58
DA:43,58
DA:45,58
DA:54,43
DA:55,43
DA:56,40
DA:58,3
DA:63,8
DA:64,8
DA:65,4
DA:67,4
LF:21
LH:21
BRF:0
BRH:0
end_of_record
TN:
SF:src/infrastructure/providers/TwoFactorProvider.ts
FN:10,(anonymous_1)
FN:22,(anonymous_2)
FN:31,(anonymous_3)
FN:46,(anonymous_4)
FN:49,(anonymous_5)
FN:56,(anonymous_6)
FN:60,(anonymous_7)
FN:65,generateSMSCode
FNF:8
FNH:8
FNDA:8,(anonymous_1)
FNDA:5,(anonymous_2)
FNDA:3,(anonymous_3)
FNDA:84,(anonymous_4)
FNDA:5,(anonymous_5)
FNDA:3,(anonymous_6)
FNDA:22,(anonymous_7)
FNDA:102,generateSMSCode
DA:1,5
DA:9,5
DA:11,8
DA:16,8
DA:23,5
DA:32,3
DA:33,3
DA:34,25
DA:35,25
DA:37,3
DA:46,5
DA:47,84
DA:50,5
DA:51,5
DA:52,5
DA:57,3
DA:61,22
DA:65,5
DA:66,102
LF:19
LH:19
BRDA:18,0,0,8
BRDA:18,0,1,0
BRDA:31,1,0,1
BRF:3
BRH:2
end_of_record
TN:
SF:src/infrastructure/repositories/ConnectionRepository.ts
FN:13,(anonymous_0)
FN:16,(anonymous_1)
FN:21,(anonymous_2)
FN:25,(anonymous_3)
FN:27,(anonymous_4)
FN:28,(anonymous_5)
FN:31,(anonymous_6)
FN:33,(anonymous_7)
FN:36,(anonymous_8)
FN:42,(anonymous_9)
FN:47,(anonymous_10)
FN:51,(anonymous_11)
FNF:12
FNH:12
FNDA:109,(anonymous_0)
FNDA:38,(anonymous_1)
FNDA:64,(anonymous_2)
FNDA:6,(anonymous_3)
FNDA:8,(anonymous_4)
FNDA:2,(anonymous_5)
FNDA:7,(anonymous_6)
FNDA:11,(anonymous_7)
FNDA:40,(anonymous_8)
FNDA:10,(anonymous_9)
FNDA:49,(anonymous_10)
FNDA:34,(anonymous_11)
DA:13,6
DA:14,109
DA:17,38
DA:18,38
DA:22,64
DA:26,6
DA:27,8
DA:28,2
DA:32,7
DA:33,11
DA:37,40
DA:38,40
DA:39,40
DA:43,10
DA:48,49
DA:52,34
LF:16
LH:16
BRDA:22,0,0,64
BRDA:22,0,1,7
BRF:2
BRH:2
end_of_record
TN:
SF:src/infrastructure/repositories/SecurityEventRepository.ts
FN:9,(anonymous_0)
FN:12,(anonymous_1)
FN:17,(anonymous_2)
FN:19,(anonymous_3)
FN:20,(anonymous_4)
FN:25,(anonymous_5)
FNF:6
FNH:6
FNDA:107,(anonymous_0)
FNDA:63,(anonymous_1)
FNDA:10,(anonymous_2)
FNDA:23,(anonymous_3)
FNDA:15,(anonymous_4)
FNDA:58,(anonymous_5)
DA:9,6
DA:10,107
DA:13,63
DA:14,63
DA:18,10
DA:19,23
DA:20,15
DA:26,58
LF:8
LH:8
BRDA:17,0,0,9
BRF:1
BRH:1
end_of_record
TN:
SF:src/infrastructure/repositories/SessionRepository.ts
FN:14,(anonymous_0)
FN:17,(anonymous_1)
FN:21,(anonymous_2)
FN:28,(anonymous_3)
FN:36,(anonymous_4)
FN:41,(anonymous_5)
FN:48,(anonymous_6)
FN:56,(anonymous_7)
FN:68,(anonymous_8)
FNF:9
FNH:9
FNDA:117,(anonymous_0)
FNDA:14,(anonymous_1)
FNDA:2,(anonymous_2)
FNDA:3,(anonymous_3)
FNDA:62,(anonymous_4)
FNDA:8,(anonymous_5)
FNDA:6,(anonymous_6)
FNDA:7,(anonymous_7)
FNDA:84,(anonymous_8)
DA:14,6
DA:15,117
DA:18,14
DA:22,2
DA:23,1
DA:25,1
DA:29,3
DA:30,3
DA:31,7
DA:33,3
DA:37,62
DA:38,62
DA:42,8
DA:43,8
DA:44,7
DA:49,6
DA:50,6
DA:51,5
DA:57,7
DA:58,7
DA:59,4
DA:60,4
DA:61,4
DA:64,7
DA:69,84
LF:25
LH:25
BRDA:18,0,0,14
BRDA:18,0,1,3
BRDA:23,1,0,1
BRDA:23,1,1,0
BRDA:31,2,0,6
BRDA:31,2,1,1
BRDA:43,3,0,7
BRDA:43,3,1,1
BRDA:50,4,0,5
BRDA:50,4,1,1
BRDA:50,5,0,6
BRDA:50,5,1,6
BRDA:59,6,0,4
BRDA:59,6,1,0
BRDA:59,7,0,4
BRDA:59,7,1,4
BRF:16
BRH:14
end_of_record
TN:
SF:src/infrastructure/repositories/SubscriptionRepository.ts
FN:14,(anonymous_0)
FN:17,(anonymous_1)
FN:22,(anonymous_2)
FN:26,(anonymous_3)
FN:28,(anonymous_4)
FN:31,(anonymous_5)
FN:33,(anonymous_6)
FN:36,(anonymous_7)
FN:42,(anonymous_8)
FN:55,(anonymous_9)
FN:60,(anonymous_10)
FN:64,(anonymous_11)
FNF:12
FNH:12
FNDA:86,(anonymous_0)
FNDA:16,(anonymous_1)
FNDA:7,(anonymous_2)
FNDA:1,(anonymous_3)
FNDA:3,(anonymous_4)
FNDA:2,(anonymous_5)
FNDA:5,(anonymous_6)
FNDA:1,(anonymous_7)
FNDA:11,(anonymous_8)
FNDA:1,(anonymous_9)
FNDA:26,(anonymous_10)
FNDA:1,(anonymous_11)
DA:14,5
DA:15,86
DA:18,16
DA:19,16
DA:23,7
DA:27,1
DA:28,3
DA:32,2
DA:33,5
DA:37,1
DA:38,1
DA:39,1
DA:43,11
DA:44,11
DA:45,8
DA:46,6
DA:47,6
DA:48,6
DA:49,6
DA:52,11
DA:56,1
DA:61,26
DA:65,1
LF:23
LH:23
BRDA:23,0,0,7
BRDA:23,0,1,2
BRDA:45,1,0,6
BRDA:45,1,1,2
BRDA:45,2,0,8
BRDA:45,2,1,7
BRF:6
BRH:6
end_of_record
TN:
SF:src/infrastructure/repositories/TransactionRepository.ts
FN:24,(anonymous_0)
FN:28,(anonymous_1)
FN:40,(anonymous_2)
FN:69,(anonymous_3)
FN:73,(anonymous_4)
FN:75,(anonymous_5)
FN:76,(anonymous_6)
FN:87,(anonymous_7)
FN:89,(anonymous_8)
FN:90,(anonymous_9)
FN:93,(anonymous_10)
FN:99,(anonymous_11)
FN:111,(anonymous_12)
FN:113,(anonymous_13)
FN:117,(anonymous_14)
FN:121,(anonymous_15)
FN:123,(anonymous_16)
FN:126,(anonymous_17)
FN:138,(anonymous_18)
FN:151,(anonymous_19)
FN:156,(anonymous_20)
FN:161,(anonymous_21)
FNF:22
FNH:21
FNDA:45,(anonymous_0)
FNDA:29,(anonymous_1)
FNDA:24,(anonymous_2)
FNDA:4,(anonymous_3)
FNDA:6,(anonymous_4)
FNDA:40,(anonymous_5)
FNDA:35,(anonymous_6)
FNDA:3,(anonymous_7)
FNDA:2,(anonymous_8)
FNDA:0,(anonymous_9)
FNDA:2,(anonymous_10)
FNDA:2,(anonymous_11)
FNDA:29,(anonymous_12)
FNDA:102,(anonymous_13)
FNDA:72,(anonymous_14)
FNDA:3,(anonymous_15)
FNDA:15,(anonymous_16)
FNDA:1,(anonymous_17)
FNDA:1,(anonymous_18)
FNDA:45,(anonymous_19)
FNDA:13,(anonymous_20)
FNDA:1,(anonymous_21)
DA:24,2
DA:25,45
DA:26,45
DA:30,29
DA:31,29
DA:32,1
DA:35,28
DA:36,28
DA:37,28
DA:41,24
DA:48,24
DA:49,24
DA:50,73
DA:52,73
DA:54,5741
DA:55,1
DA:56,1
DA:59,5740
DA:60,5740
DA:61,5740
DA:62,5740
DA:66,24
DA:70,4
DA:74,6
DA:75,40
DA:76,35
DA:78,6
DA:79,3
DA:81,3
DA:82,1
DA:84,2
DA:88,3
DA:89,2
DA:90,0
DA:94,2
DA:95,2
DA:96,1
DA:100,2
DA:101,2
DA:102,5
DA:103,5
DA:104,2
DA:105,2
DA:108,2
DA:112,29
DA:113,102
DA:115,29
DA:117,4
DA:118,72
DA:122,3
DA:123,15
DA:127,1
DA:128,1
DA:129,3
DA:130,3
DA:131,3
DA:132,3
DA:135,1
DA:139,1
DA:140,1
DA:141,4
DA:142,4
DA:143,4
DA:144,4
DA:147,1
DA:152,45
DA:153,45
DA:157,13
DA:158,13
DA:162,1
LF:70
LH:69
BRDA:31,0,0,1
BRDA:31,0,1,28
BRDA:31,1,0,29
BRDA:31,1,1,1
BRDA:54,2,0,1
BRDA:54,2,1,5740
BRDA:70,3,0,4
BRDA:70,3,1,2
BRDA:78,4,0,3
BRDA:78,4,1,3
BRDA:78,5,0,6
BRDA:78,5,1,3
BRDA:81,6,0,1
BRDA:81,6,1,2
BRDA:95,7,0,1
BRDA:95,7,1,1
BRDA:96,8,0,1
BRDA:96,8,1,0
BRDA:103,9,0,2
BRDA:103,9,1,3
BRDA:105,10,0,2
BRDA:105,10,1,0
BRDA:115,11,0,25
BRDA:115,11,1,4
BRDA:118,12,0,1
BRDA:118,12,1,71
BRDA:129,13,0,3
BRDA:129,13,1,0
BRDA:141,14,0,4
BRDA:141,14,1,0
BRF:30
BRH:26
end_of_record
TN:
SF:src/infrastructure/repositories/UserRepository.ts
FN:17,(anonymous_0)
FN:20,(anonymous_1)
FN:24,(anonymous_2)
FN:31,(anonymous_3)
FN:38,(anonymous_4)
FN:43,(anonymous_5)
FN:53,(anonymous_6)
FN:61,(anonymous_7)
FN:71,(anonymous_8)
FN:80,(anonymous_9)
FN:84,(anonymous_10)
FN:95,(anonymous_11)
FNF:12
FNH:12
FNDA:118,(anonymous_0)
FNDA:75,(anonymous_1)
FNDA:45,(anonymous_2)
FNDA:3,(anonymous_3)
FNDA:96,(anonymous_4)
FNDA:11,(anonymous_5)
FNDA:7,(anonymous_6)
FNDA:15,(anonymous_7)
FNDA:4,(anonymous_8)
FNDA:1,(anonymous_9)
FNDA:2,(anonymous_10)
FNDA:84,(anonymous_11)
DA:17,6
DA:18,118
DA:21,75
DA:25,45
DA:26,43
DA:28,10
DA:32,3
DA:33,2
DA:35,2
DA:39,96
DA:40,96
DA:44,11
DA:45,11
DA:46,0
DA:48,11
DA:49,11
DA:50,11
DA:54,7
DA:55,7
DA:56,6
DA:57,6
DA:62,15
DA:63,15
DA:64,15
DA:65,15
DA:66,15
DA:67,15
DA:72,4
DA:73,4
DA:74,4
DA:75,4
DA:76,4
DA:81,1
DA:85,2
DA:86,2
DA:87,4
DA:88,1
DA:91,2
DA:96,84
LF:39
LH:38
BRDA:21,0,0,75
BRDA:21,0,1,9
BRDA:26,1,0,35
BRDA:26,1,1,8
BRDA:33,2,0,1
BRDA:33,2,1,1
BRDA:33,3,0,2
BRDA:33,3,1,1
BRDA:45,4,0,0
BRDA:45,4,1,11
BRDA:55,5,0,6
BRDA:55,5,1,1
BRDA:63,6,0,15
BRDA:63,6,1,0
BRDA:73,7,0,4
BRDA:73,7,1,0
BRDA:87,8,0,1
BRDA:87,8,1,3
BRDA:87,9,0,4
BRDA:87,9,1,2
BRF:20
BRH:17
end_of_record
