TN:
SF:src/api/middleware/auth.ts
FN:9,createAuthMiddleware
FN:10,(anonymous_1)
FNF:2
FNH:2
FNDA:9,createAuthMiddleware
FNDA:2,(anonymous_1)
DA:9,3
DA:10,9
DA:11,2
DA:13,2
DA:14,0
DA:15,0
DA:18,2
DA:19,2
DA:21,2
DA:22,0
DA:23,0
DA:26,2
DA:27,2
LF:13
LH:9
BRDA:13,0,0,0
BRDA:13,0,1,2
BRDA:13,1,0,2
BRDA:13,1,1,2
BRDA:21,2,0,0
BRDA:21,2,1,2
BRF:6
BRH:4
end_of_record
TN:
SF:src/api/middleware/deviceContext.ts
FN:8,deviceContextMiddleware
FNF:1
FNH:1
FNDA:1,deviceContextMiddleware
DA:8,3
DA:9,1
DA:14,1
LF:3
LH:3
BRDA:10,0,0,1
BRDA:10,0,1,1
BRDA:11,1,0,1
BRDA:11,1,1,1
BRDA:11,1,2,0
BRF:5
BRH:4
end_of_record
TN:
SF:src/api/routes/auth.ts
FN:9,createAuthRouter
FN:17,(anonymous_1)
FN:67,(anonymous_2)
FN:92,(anonymous_3)
FN:123,(anonymous_4)
FN:155,(anonymous_5)
FNF:6
FNH:2
FNDA:3,createAuthRouter
FNDA:0,(anonymous_1)
FNDA:0,(anonymous_2)
FNDA:0,(anonymous_3)
FNDA:0,(anonymous_4)
FNDA:1,(anonymous_5)
DA:1,3
DA:3,3
DA:4,3
DA:9,3
DA:10,3
DA:11,3
DA:14,3
DA:17,3
DA:18,0
DA:19,0
DA:20,0
DA:28,0
DA:29,0
DA:30,0
DA:33,0
DA:34,0
DA:35,0
DA:38,0
DA:40,0
DA:41,0
DA:45,0
DA:48,0
DA:49,0
DA:50,0
DA:53,0
DA:61,0
DA:62,0
DA:67,3
DA:68,0
DA:69,0
DA:70,0
DA:72,0
DA:73,0
DA:74,0
DA:77,0
DA:79,0
DA:80,0
DA:81,0
DA:84,0
DA:86,0
DA:87,0
DA:92,3
DA:93,0
DA:94,0
DA:95,0
DA:97,0
DA:98,0
DA:99,0
DA:102,0
DA:104,0
DA:105,0
DA:106,0
DA:109,0
DA:117,0
DA:118,0
DA:123,3
DA:124,0
DA:125,0
DA:126,0
DA:128,0
DA:129,0
DA:130,0
DA:133,0
DA:142,0
DA:143,0
DA:144,0
DA:147,0
DA:149,0
DA:150,0
DA:155,3
DA:156,1
DA:157,1
DA:158,1
DA:160,1
DA:161,0
DA:162,0
DA:165,1
DA:168,1
DA:170,0
DA:171,0
DA:175,3
LF:81
LH:19
BRDA:28,0,0,0
BRDA:28,0,1,0
BRDA:33,1,0,0
BRDA:33,1,1,0
BRDA:33,2,0,0
BRDA:33,2,1,0
BRDA:40,3,0,0
BRDA:40,3,1,0
BRDA:48,4,0,0
BRDA:48,4,1,0
BRDA:72,5,0,0
BRDA:72,5,1,0
BRDA:79,6,0,0
BRDA:79,6,1,0
BRDA:97,7,0,0
BRDA:97,7,1,0
BRDA:104,8,0,0
BRDA:104,8,1,0
BRDA:128,9,0,0
BRDA:128,9,1,0
BRDA:128,10,0,0
BRDA:128,10,1,0
BRDA:142,11,0,0
BRDA:142,11,1,0
BRDA:160,12,0,0
BRDA:160,12,1,1
BRF:26
BRH:1
end_of_record
TN:
SF:src/api/routes/connections.ts
FN:6,createConnectionRoutes
FN:17,(anonymous_1)
FN:39,(anonymous_2)
FN:87,(anonymous_3)
FNF:4
FNH:2
FNDA:3,createConnectionRoutes
FNDA:0,(anonymous_1)
FNDA:0,(anonymous_2)
FNDA:2,(anonymous_3)
DA:1,3
DA:3,3
DA:6,3
DA:10,3
DA:11,3
DA:14,3
DA:18,0
DA:19,0
DA:21,0
DA:22,0
DA:25,0
DA:27,0
DA:28,0
DA:31,0
DA:36,3
DA:40,0
DA:41,0
DA:42,0
DA:43,0
DA:45,0
DA:46,0
DA:49,0
DA:50,0
DA:55,0
DA:61,0
DA:62,0
DA:63,0
DA:65,0
DA:66,0
DA:69,0
DA:76,0
DA:84,3
DA:88,2
DA:89,2
DA:90,2
DA:91,2
DA:92,2
DA:94,2
DA:95,0
DA:98,2
DA:99,2
DA:104,2
DA:111,2
DA:112,0
DA:113,0
DA:115,0
DA:116,0
DA:121,0
DA:124,2
DA:131,3
LF:50
LH:20
BRDA:21,0,0,0
BRDA:21,0,1,0
BRDA:27,1,0,0
BRDA:27,1,1,0
BRDA:43,2,0,0
BRDA:43,2,1,0
BRDA:45,3,0,0
BRDA:45,3,1,0
BRDA:51,4,0,0
BRDA:51,4,1,0
BRDA:52,5,0,0
BRDA:52,5,1,0
BRDA:52,6,0,0
BRDA:52,6,1,0
BRDA:61,7,0,0
BRDA:61,7,1,0
BRDA:62,8,0,0
BRDA:62,8,1,0
BRDA:65,9,0,0
BRDA:65,9,1,0
BRDA:91,10,0,0
BRDA:91,10,1,2
BRDA:94,11,0,0
BRDA:94,11,1,2
BRDA:100,12,0,2
BRDA:100,12,1,0
BRDA:101,13,0,0
BRDA:101,13,1,2
BRDA:101,14,0,2
BRDA:101,14,1,2
BRDA:111,15,0,0
BRDA:111,15,1,2
BRDA:112,16,0,0
BRDA:112,16,1,0
BRDA:115,17,0,0
BRDA:115,17,1,0
BRF:36
BRH:7
end_of_record
TN:
SF:src/api/routes/profile.ts
FN:6,createProfileRouter
FN:11,(anonymous_1)
FN:29,(anonymous_2)
FN:42,(anonymous_3)
FN:73,(anonymous_4)
FN:101,(anonymous_5)
FN:124,(anonymous_6)
FNF:7
FNH:1
FNDA:3,createProfileRouter
FNDA:0,(anonymous_1)
FNDA:0,(anonymous_2)
FNDA:0,(anonymous_3)
FNDA:0,(anonymous_4)
FNDA:0,(anonymous_5)
FNDA:0,(anonymous_6)
DA:1,3
DA:3,3
DA:6,3
DA:7,3
DA:8,3
DA:11,3
DA:12,0
DA:13,0
DA:14,0
DA:16,0
DA:17,0
DA:18,0
DA:21,0
DA:23,0
DA:24,0
DA:29,3
DA:30,0
DA:31,0
DA:32,0
DA:42,0
DA:43,0
DA:44,0
DA:48,0
DA:50,0
DA:51,0
DA:52,0
DA:53,0
DA:55,0
DA:56,0
DA:59,0
DA:60,0
DA:61,0
DA:62,0
DA:65,0
DA:67,0
DA:68,0
DA:73,3
DA:74,0
DA:75,0
DA:76,0
DA:78,0
DA:79,0
DA:80,0
DA:83,0
DA:85,0
DA:86,0
DA:87,0
DA:90,0
DA:95,0
DA:96,0
DA:101,3
DA:102,0
DA:103,0
DA:104,0
DA:106,0
DA:107,0
DA:108,0
DA:111,0
DA:118,0
DA:119,0
DA:124,3
DA:125,0
DA:126,0
DA:127,0
DA:129,0
DA:130,0
DA:131,0
DA:132,0
DA:134,0
DA:135,0
DA:138,0
DA:142,0
DA:143,0
DA:147,3
LF:74
LH:11
BRDA:16,0,0,0
BRDA:16,0,1,0
BRDA:43,1,0,0
BRDA:43,1,1,0
BRDA:50,2,0,0
BRDA:50,2,1,0
BRDA:51,3,0,0
BRDA:51,3,1,0
BRDA:60,4,0,0
BRDA:60,4,1,0
BRDA:78,5,0,0
BRDA:78,5,1,0
BRDA:85,6,0,0
BRDA:85,6,1,0
BRDA:106,7,0,0
BRDA:106,7,1,0
BRDA:129,8,0,0
BRDA:129,8,1,0
BRDA:130,9,0,0
BRDA:130,9,1,0
BRF:20
BRH:0
end_of_record
TN:
SF:src/api/routes/transactions.ts
FN:10,createTransactionRoutes
FN:20,(anonymous_1)
FN:58,(anonymous_2)
FN:82,(anonymous_3)
FNF:4
FNH:3
FNDA:6,createTransactionRoutes
FNDA:6,(anonymous_1)
FNDA:1,(anonymous_2)
FNDA:0,(anonymous_3)
DA:1,1
DA:4,1
DA:10,1
DA:14,6
DA:20,6
DA:21,6
DA:22,6
DA:24,6
DA:25,0
DA:28,6
DA:29,0
DA:32,6
DA:34,6
DA:35,0
DA:43,6
DA:58,6
DA:59,1
DA:60,1
DA:61,1
DA:63,1
DA:64,0
DA:67,1
DA:68,1
DA:70,1
DA:82,6
DA:83,0
DA:84,0
DA:86,0
DA:87,0
DA:90,0
DA:92,0
DA:93,0
DA:96,0
DA:97,0
DA:100,0
DA:103,6
LF:36
LH:22
BRDA:24,0,0,0
BRDA:24,0,1,6
BRDA:28,1,0,0
BRDA:28,1,1,6
BRDA:34,2,0,0
BRDA:34,2,1,6
BRDA:60,3,0,1
BRDA:60,3,1,1
BRDA:61,4,0,1
BRDA:61,4,1,1
BRDA:63,5,0,0
BRDA:63,5,1,1
BRDA:86,6,0,0
BRDA:86,6,1,0
BRDA:92,7,0,0
BRDA:92,7,1,0
BRDA:96,8,0,0
BRDA:96,8,1,0
BRF:18
BRH:8
end_of_record
TN:
SF:src/application/services/AuthService.ts
FN:52,(anonymous_0)
FN:63,(anonymous_1)
FN:145,(anonymous_2)
FN:157,(anonymous_3)
FN:198,(anonymous_4)
FN:230,(anonymous_5)
FN:247,(anonymous_6)
FN:263,(anonymous_7)
FN:277,(anonymous_8)
FN:296,(anonymous_9)
FNF:10
FNH:7
FNDA:8,(anonymous_0)
FNDA:3,(anonymous_1)
FNDA:1,(anonymous_2)
FNDA:0,(anonymous_3)
FNDA:0,(anonymous_4)
FNDA:3,(anonymous_5)
FNDA:3,(anonymous_6)
FNDA:0,(anonymous_7)
FNDA:5,(anonymous_8)
FNDA:6,(anonymous_9)
DA:1,4
DA:3,4
DA:4,4
DA:11,4
DA:49,4
DA:51,4
DA:53,8
DA:54,8
DA:55,8
DA:56,8
DA:57,8
DA:58,8
DA:59,8
DA:60,8
DA:65,3
DA:66,3
DA:67,0
DA:68,0
DA:72,3
DA:73,3
DA:74,1
DA:75,1
DA:79,2
DA:81,0
DA:82,0
DA:84,0
DA:86,0
DA:88,0
DA:89,0
DA:90,0
DA:91,0
DA:97,0
DA:103,0
DA:111,0
DA:112,0
DA:113,0
DA:114,0
DA:118,0
DA:122,2
DA:123,2
DA:125,2
DA:135,2
DA:136,2
DA:138,2
DA:146,1
DA:147,1
DA:148,0
DA:151,1
DA:152,1
DA:154,1
DA:158,0
DA:159,0
DA:160,0
DA:163,0
DA:164,0
DA:165,0
DA:168,0
DA:169,0
DA:170,0
DA:174,0
DA:176,0
DA:177,0
DA:179,0
DA:189,0
DA:191,0
DA:199,0
DA:200,0
DA:201,0
DA:205,0
DA:206,0
DA:207,0
DA:211,0
DA:212,0
DA:213,0
DA:217,0
DA:218,0
DA:221,0
DA:224,0
DA:225,0
DA:227,0
DA:231,3
DA:234,3
DA:235,2
DA:238,1
DA:241,1
DA:242,1
DA:244,1
DA:249,3
DA:250,3
DA:254,0
DA:257,0
DA:260,0
DA:265,0
DA:266,0
DA:270,0
DA:271,0
DA:274,0
DA:283,5
DA:292,5
DA:297,6
LF:100
LH:44
BRDA:66,0,0,0
BRDA:66,0,1,3
BRDA:73,1,0,1
BRDA:73,1,1,2
BRDA:79,2,0,0
BRDA:79,2,1,2
BRDA:84,3,0,0
BRDA:84,3,1,0
BRDA:84,4,0,0
BRDA:84,4,1,0
BRDA:86,5,0,0
BRDA:86,5,1,0
BRDA:88,6,0,0
BRDA:88,6,1,0
BRDA:88,7,0,0
BRDA:88,7,1,0
BRDA:112,8,0,0
BRDA:112,8,1,0
BRDA:147,9,0,0
BRDA:147,9,1,1
BRDA:147,10,0,1
BRDA:147,10,1,1
BRDA:159,11,0,0
BRDA:159,11,1,0
BRDA:164,12,0,0
BRDA:164,12,1,0
BRDA:164,13,0,0
BRDA:164,13,1,0
BRDA:164,13,2,0
BRDA:169,14,0,0
BRDA:169,14,1,0
BRDA:200,15,0,0
BRDA:200,15,1,0
BRDA:200,16,0,0
BRDA:200,16,1,0
BRDA:206,17,0,0
BRDA:206,17,1,0
BRDA:212,18,0,0
BRDA:212,18,1,0
BRDA:234,19,0,2
BRDA:234,19,1,1
BRDA:249,20,0,3
BRDA:249,20,1,0
BRDA:249,21,0,3
BRDA:249,21,1,3
BRDA:254,22,0,0
BRDA:254,22,1,0
BRDA:254,23,0,0
BRDA:254,23,1,0
BRDA:265,24,0,0
BRDA:265,24,1,0
BRDA:265,25,0,0
BRDA:265,25,1,0
BRDA:270,26,0,0
BRDA:270,26,1,0
BRDA:270,27,0,0
BRDA:270,27,1,0
BRDA:281,28,0,3
BRF:58
BRH:13
end_of_record
TN:
SF:src/application/services/ConnectionService.ts
FN:36,(anonymous_0)
FN:45,(anonymous_1)
FN:53,(anonymous_2)
FN:109,(anonymous_3)
FN:174,(anonymous_4)
FNF:5
FNH:2
FNDA:5,(anonymous_0)
FNDA:0,(anonymous_1)
FNDA:0,(anonymous_2)
FNDA:4,(anonymous_3)
FNDA:0,(anonymous_4)
DA:1,4
DA:2,4
DA:3,4
DA:35,4
DA:37,5
DA:38,5
DA:39,5
DA:40,5
DA:41,5
DA:42,5
DA:46,0
DA:47,0
DA:58,0
DA:60,0
DA:61,0
DA:64,0
DA:65,0
DA:68,0
DA:69,0
DA:73,0
DA:75,0
DA:77,0
DA:78,0
DA:79,0
DA:80,0
DA:83,0
DA:89,0
DA:97,0
DA:98,0
DA:99,0
DA:100,0
DA:101,0
DA:103,0
DA:115,4
DA:116,0
DA:119,4
DA:121,4
DA:122,0
DA:125,4
DA:126,0
DA:130,4
DA:133,4
DA:136,4
DA:147,4
DA:150,4
DA:163,4
DA:166,4
DA:168,4
DA:175,0
DA:177,0
DA:183,0
DA:184,0
DA:186,0
DA:187,0
DA:188,0
DA:189,0
DA:190,0
DA:191,0
DA:193,0
DA:194,0
DA:195,0
DA:198,0
DA:204,0
DA:205,0
DA:212,0
DA:213,0
LF:66
LH:22
BRDA:60,0,0,0
BRDA:60,0,1,0
BRDA:64,1,0,0
BRDA:64,1,1,0
BRDA:68,2,0,0
BRDA:68,2,1,0
BRDA:75,3,0,0
BRDA:75,3,1,0
BRDA:78,4,0,0
BRDA:78,4,1,0
BRDA:115,5,0,0
BRDA:115,5,1,4
BRDA:121,6,0,0
BRDA:121,6,1,4
BRDA:125,7,0,0
BRDA:125,7,1,4
BRDA:186,8,0,0
BRDA:186,8,1,0
BRDA:194,9,0,0
BRDA:194,9,1,0
BRF:20
BRH:3
end_of_record
TN:
SF:src/application/services/ProfileService.ts
FN:37,(anonymous_0)
FN:44,(anonymous_1)
FN:58,(anonymous_2)
FN:108,(anonymous_3)
FN:138,(anonymous_4)
FN:175,(anonymous_5)
FN:200,(anonymous_6)
FNF:7
FNH:1
FNDA:3,(anonymous_0)
FNDA:0,(anonymous_1)
FNDA:0,(anonymous_2)
FNDA:0,(anonymous_3)
FNDA:0,(anonymous_4)
FNDA:0,(anonymous_5)
FNDA:0,(anonymous_6)
DA:1,4
DA:2,4
DA:36,4
DA:38,3
DA:39,3
DA:40,3
DA:41,3
DA:45,0
DA:47,0
DA:48,0
DA:51,0
DA:52,0
DA:55,0
DA:59,0
DA:61,0
DA:62,0
DA:65,0
DA:66,0
DA:69,0
DA:72,0
DA:74,0
DA:75,0
DA:76,0
DA:80,0
DA:81,0
DA:83,0
DA:84,0
DA:85,0
DA:88,0
DA:89,0
DA:93,0
DA:94,0
DA:95,0
DA:96,0
DA:97,0
DA:99,0
DA:101,0
DA:109,0
DA:111,0
DA:112,0
DA:115,0
DA:116,0
DA:119,0
DA:120,0
DA:123,0
DA:124,0
DA:128,0
DA:129,0
DA:130,0
DA:131,0
DA:133,0
DA:135,0
DA:139,0
DA:141,0
DA:142,0
DA:145,0
DA:146,0
DA:150,0
DA:153,0
DA:156,0
DA:158,0
DA:159,0
DA:162,0
DA:163,0
DA:166,0
DA:168,0
DA:176,0
DA:178,0
DA:179,0
DA:182,0
DA:183,0
DA:187,0
DA:188,0
DA:192,0
DA:195,0
DA:197,0
DA:201,0
DA:202,0
DA:204,0
DA:205,0
DA:206,0
DA:207,0
DA:208,0
DA:211,0
LF:84
LH:7
BRDA:47,0,0,0
BRDA:47,0,1,0
BRDA:51,1,0,0
BRDA:51,1,1,0
BRDA:61,2,0,0
BRDA:61,2,1,0
BRDA:65,3,0,0
BRDA:65,3,1,0
BRDA:72,4,0,0
BRDA:72,4,1,0
BRDA:72,5,0,0
BRDA:72,5,1,0
BRDA:75,6,0,0
BRDA:75,6,1,0
BRDA:75,7,0,0
BRDA:75,7,1,0
BRDA:93,8,0,0
BRDA:93,8,1,0
BRDA:94,9,0,0
BRDA:94,9,1,0
BRDA:95,10,0,0
BRDA:95,10,1,0
BRDA:96,11,0,0
BRDA:96,11,1,0
BRDA:97,12,0,0
BRDA:97,12,1,0
BRDA:111,13,0,0
BRDA:111,13,1,0
BRDA:115,14,0,0
BRDA:115,14,1,0
BRDA:115,15,0,0
BRDA:115,15,1,0
BRDA:119,16,0,0
BRDA:119,16,1,0
BRDA:123,17,0,0
BRDA:123,17,1,0
BRDA:123,18,0,0
BRDA:123,18,1,0
BRDA:141,19,0,0
BRDA:141,19,1,0
BRDA:145,20,0,0
BRDA:145,20,1,0
BRDA:159,21,0,0
BRDA:159,21,1,0
BRDA:178,22,0,0
BRDA:178,22,1,0
BRDA:182,23,0,0
BRDA:182,23,1,0
BRDA:187,24,0,0
BRDA:187,24,1,0
BRDA:187,25,0,0
BRDA:187,25,1,0
BRF:52
BRH:0
end_of_record
TN:
SF:src/application/services/TransactionSyncService.ts
FN:39,(anonymous_0)
FN:54,(anonymous_1)
FN:113,(anonymous_2)
FN:142,(anonymous_3)
FN:167,(anonymous_4)
FN:258,(anonymous_5)
FN:309,(anonymous_6)
FN:319,(anonymous_7)
FN:327,(anonymous_8)
FN:356,(anonymous_9)
FN:357,(anonymous_10)
FNF:11
FNH:6
FNDA:13,(anonymous_0)
FNDA:15,(anonymous_1)
FNDA:0,(anonymous_2)
FNDA:15,(anonymous_3)
FNDA:3643,(anonymous_4)
FNDA:19,(anonymous_5)
FNDA:0,(anonymous_6)
FNDA:0,(anonymous_7)
FNDA:3643,(anonymous_8)
FNDA:0,(anonymous_9)
FNDA:0,(anonymous_10)
DA:1,2
DA:2,2
DA:28,2
DA:29,2
DA:30,2
DA:36,2
DA:40,13
DA:41,13
DA:42,13
DA:43,13
DA:46,13
DA:55,15
DA:57,15
DA:58,0
DA:70,15
DA:71,0
DA:84,15
DA:85,15
DA:86,15
DA:88,15
DA:91,15
DA:93,12
DA:94,12
DA:97,3
DA:98,3
DA:102,15
DA:114,0
DA:116,0
DA:123,0
DA:124,0
DA:126,0
DA:127,0
DA:128,0
DA:129,0
DA:131,0
DA:135,0
DA:136,0
DA:148,15
DA:150,15
DA:151,15
DA:152,15
DA:155,15
DA:156,19
DA:157,19
DA:164,19
DA:167,19
DA:168,3643
DA:171,19
DA:172,19
DA:173,19
DA:174,19
DA:177,0
DA:178,0
DA:181,0
DA:182,0
DA:183,0
DA:185,0
DA:201,15
DA:202,15
DA:204,0
DA:205,0
DA:207,0
DA:221,15
DA:222,15
DA:223,15
DA:224,15
DA:227,15
DA:239,15
DA:241,15
DA:243,15
DA:269,19
DA:270,19
DA:272,19
DA:273,19
DA:274,19
DA:281,19
DA:289,0
DA:292,0
DA:293,0
DA:294,0
DA:295,0
DA:296,0
DA:299,0
DA:303,0
DA:310,0
DA:319,0
DA:320,0
DA:332,3643
DA:333,3643
DA:336,3643
DA:357,0
LF:91
LH:57
BRDA:46,0,0,13
BRDA:46,0,1,0
BRDA:57,1,0,0
BRDA:57,1,1,15
BRDA:70,2,0,0
BRDA:70,2,1,15
BRDA:86,3,0,12
BRDA:86,3,1,3
BRDA:91,4,0,12
BRDA:91,4,1,3
BRDA:126,5,0,0
BRDA:126,5,1,0
BRDA:177,6,0,0
BRDA:177,6,1,0
BRDA:204,7,0,0
BRDA:204,7,1,0
BRDA:289,8,0,0
BRDA:289,8,1,0
BRDA:292,9,0,0
BRDA:292,9,1,0
BRDA:292,10,0,0
BRDA:292,10,1,0
BRDA:303,11,0,0
BRDA:303,11,1,0
BRDA:332,12,0,3643
BRDA:332,12,1,0
BRDA:332,12,2,0
BRDA:333,13,0,3643
BRDA:333,13,1,366
BRDA:346,14,0,266
BRDA:346,14,1,3377
BRDA:347,15,0,266
BRDA:347,15,1,3377
BRDA:350,16,0,3640
BRDA:350,16,1,3
BRDA:351,17,0,185
BRDA:351,17,1,3458
BRF:37
BRH:18
end_of_record
TN:
SF:src/config/index.ts
FN:8,loadConfig
FNF:1
FNH:1
FNDA:3,loadConfig
DA:8,3
DA:9,3
LF:2
LH:2
BRDA:10,0,0,3
BRDA:10,0,1,3
BRDA:11,1,0,3
BRDA:11,1,1,3
BRDA:12,2,0,3
BRDA:12,2,1,3
BRDA:13,3,0,3
BRDA:13,3,1,0
BRF:8
BRH:7
end_of_record
TN:
SF:src/domain/entities/AuthSession.ts
FN:13,createAuthSession
FN:35,isSessionValid
FNF:2
FNH:1
FNDA:4,createAuthSession
FNDA:0,isSessionValid
DA:13,6
DA:22,4
DA:35,6
DA:36,0
LF:4
LH:3
BRDA:28,0,0,4
BRDA:28,0,1,2
BRDA:36,1,0,0
BRDA:36,1,1,0
BRF:4
BRH:2
end_of_record
TN:
SF:src/domain/entities/Connection.ts
FN:16,createConnection
FN:47,toConnectionSummary
FNF:2
FNH:1
FNDA:17,createConnection
FNDA:0,toConnectionSummary
DA:16,7
DA:24,17
DA:47,7
DA:48,0
LF:4
LH:3
BRDA:30,0,0,17
BRDA:30,0,1,4
BRF:2
BRH:2
end_of_record
TN:
SF:src/domain/entities/SecurityEvent.ts
FN:24,createSecurityEvent
FNF:1
FNH:1
FNDA:39,createSecurityEvent
DA:24,7
DA:33,39
LF:2
LH:2
BRDA:39,0,0,39
BRDA:39,0,1,33
BRDA:40,1,0,39
BRDA:40,1,1,29
BRF:4
BRH:4
end_of_record
TN:
SF:src/domain/entities/Subscription.ts
FN:17,createSubscription
FNF:1
FNH:1
FNDA:1,createSubscription
DA:17,3
DA:28,1
LF:2
LH:2
BRDA:34,0,0,1
BRDA:34,0,1,1
BRDA:35,1,0,1
BRDA:35,1,1,1
BRDA:36,2,0,1
BRDA:36,2,1,1
BRDA:37,3,0,1
BRDA:37,3,1,1
BRF:8
BRH:8
end_of_record
TN:
SF:src/domain/entities/Transaction.ts
FN:43,createTransaction
FN:82,toTransactionSummary
FNF:2
FNH:2
FNDA:3662,createTransaction
FNDA:5,toTransactionSummary
DA:43,2
DA:44,3662
DA:47,3662
DA:82,2
DA:83,5
LF:5
LH:5
BRDA:44,0,0,3662
BRDA:44,0,1,267
BRDA:53,1,0,3662
BRDA:53,1,1,19
BRDA:57,2,0,267
BRDA:57,2,1,3395
BRDA:57,3,0,267
BRDA:57,3,1,0
BRDA:58,4,0,267
BRDA:58,4,1,3395
BRDA:58,5,0,267
BRDA:58,5,1,0
BRDA:59,6,0,3662
BRDA:59,6,1,19
BRDA:61,7,0,3662
BRDA:61,7,1,22
BRDA:62,8,0,3662
BRDA:62,8,1,19
BRDA:63,9,0,3662
BRDA:63,9,1,19
BRF:20
BRH:18
end_of_record
TN:
SF:src/domain/entities/User.ts
FN:27,createUser
FN:79,toUserProfile
FNF:2
FNH:1
FNDA:6,createUser
FNDA:0,toUserProfile
DA:27,7
DA:42,6
DA:79,7
DA:80,0
LF:4
LH:3
BRDA:45,0,0,6
BRDA:45,0,1,0
BRDA:46,1,0,6
BRDA:46,1,1,6
BRDA:47,2,0,6
BRDA:47,2,1,6
BRDA:48,3,0,6
BRDA:48,3,1,6
BRDA:49,4,0,6
BRDA:49,4,1,6
BRDA:50,5,0,6
BRDA:50,5,1,6
BRDA:51,6,0,6
BRDA:51,6,1,4
BRDA:52,7,0,6
BRDA:52,7,1,6
BRDA:53,8,0,6
BRDA:53,8,1,6
BRDA:54,9,0,6
BRDA:54,9,1,6
BRDA:55,10,0,6
BRDA:55,10,1,6
BRF:22
BRH:21
end_of_record
TN:
SF:src/domain/events/DomainEvents.ts
FN:37,(anonymous_0)
FN:42,(anonymous_1)
FN:59,(anonymous_2)
FN:63,(anonymous_3)
FN:68,(anonymous_4)
FN:72,(anonymous_5)
FN:73,(anonymous_6)
FN:76,(anonymous_7)
FN:77,(anonymous_8)
FN:80,(anonymous_9)
FNF:10
FNH:9
FNDA:22,(anonymous_0)
FNDA:25,(anonymous_1)
FNDA:2,(anonymous_2)
FNDA:0,(anonymous_3)
FNDA:2,(anonymous_4)
FNDA:3,(anonymous_5)
FNDA:4,(anonymous_6)
FNDA:2,(anonymous_7)
FNDA:2,(anonymous_8)
FNDA:20,(anonymous_9)
DA:37,7
DA:38,22
DA:39,22
DA:40,22
DA:43,25
DA:44,25
DA:46,25
DA:47,10
DA:48,2
DA:52,25
DA:53,15
DA:54,0
DA:60,2
DA:64,0
DA:69,2
DA:73,4
DA:77,2
DA:81,20
DA:82,20
DA:83,20
LF:20
LH:18
BRDA:46,0,0,10
BRDA:46,0,1,15
BRDA:52,1,0,15
BRDA:52,1,1,10
BRF:4
BRH:4
end_of_record
TN:
SF:src/domain/value-objects/Tokens.ts
FNF:0
FNH:0
DA:22,5
DA:23,5
LF:2
LH:2
BRF:0
BRH:0
end_of_record
TN:
SF:src/infrastructure/providers/AlertProvider.ts
FN:15,(anonymous_0)
FN:18,(anonymous_1)
FN:32,(anonymous_2)
FN:36,(anonymous_3)
FN:37,(anonymous_4)
FN:40,(anonymous_5)
FNF:6
FNH:2
FNDA:5,(anonymous_0)
FNDA:0,(anonymous_1)
FNDA:0,(anonymous_2)
FNDA:0,(anonymous_3)
FNDA:0,(anonymous_4)
FNDA:2,(anonymous_5)
DA:15,4
DA:16,5
DA:19,0
DA:27,0
DA:28,0
DA:33,0
DA:37,0
DA:41,2
LF:8
LH:3
BRF:0
BRH:0
end_of_record
TN:
SF:src/infrastructure/providers/EmailProvider.ts
FN:10,(anonymous_0)
FN:13,(anonymous_1)
FN:19,(anonymous_2)
FN:25,(anonymous_3)
FN:31,(anonymous_4)
FN:37,(anonymous_5)
FN:44,(anonymous_6)
FN:48,(anonymous_7)
FNF:8
FNH:4
FNDA:8,(anonymous_0)
FNDA:1,(anonymous_1)
FNDA:0,(anonymous_2)
FNDA:0,(anonymous_3)
FNDA:0,(anonymous_4)
FNDA:0,(anonymous_5)
FNDA:1,(anonymous_6)
FNDA:1,(anonymous_7)
DA:10,5
DA:11,8
DA:14,1
DA:15,1
DA:16,1
DA:20,0
DA:21,0
DA:22,0
DA:26,0
DA:27,0
DA:28,0
DA:32,0
DA:33,0
DA:34,0
DA:38,0
DA:39,0
DA:40,0
DA:45,1
DA:49,1
LF:19
LH:7
BRF:0
BRH:0
end_of_record
TN:
SF:src/infrastructure/providers/PasswordProvider.ts
FN:12,(anonymous_1)
FN:16,(anonymous_2)
FN:20,(anonymous_3)
FNF:3
FNH:2
FNDA:3,(anonymous_1)
FNDA:3,(anonymous_2)
FNDA:0,(anonymous_3)
DA:1,5
DA:9,5
DA:11,5
DA:13,3
DA:17,3
DA:21,0
DA:23,0
DA:24,0
DA:26,0
DA:27,0
DA:29,0
DA:30,0
DA:32,0
DA:33,0
DA:35,0
DA:36,0
DA:39,0
LF:17
LH:5
BRDA:23,0,0,0
BRDA:23,0,1,0
BRDA:26,1,0,0
BRDA:26,1,1,0
BRDA:29,2,0,0
BRDA:29,2,1,0
BRDA:32,3,0,0
BRDA:32,3,1,0
BRDA:35,4,0,0
BRDA:35,4,1,0
BRF:10
BRH:0
end_of_record
TN:
SF:src/infrastructure/providers/PlaidProvider.ts
FN:48,(anonymous_0)
FN:56,(anonymous_1)
FN:72,(anonymous_2)
FN:78,(anonymous_3)
FN:87,(anonymous_4)
FN:91,(anonymous_5)
FN:110,(anonymous_6)
FN:132,(anonymous_7)
FN:138,(anonymous_8)
FN:142,(anonymous_9)
FN:146,(anonymous_10)
FN:154,(anonymous_11)
FN:164,(anonymous_12)
FN:168,(anonymous_13)
FN:174,(anonymous_14)
FN:178,(anonymous_15)
FNF:16
FNH:8
FNDA:18,(anonymous_0)
FNDA:0,(anonymous_1)
FNDA:4,(anonymous_2)
FNDA:0,(anonymous_3)
FNDA:0,(anonymous_4)
FNDA:19,(anonymous_5)
FNDA:7213,(anonymous_6)
FNDA:0,(anonymous_7)
FNDA:0,(anonymous_8)
FNDA:0,(anonymous_9)
FNDA:0,(anonymous_10)
FNDA:15,(anonymous_11)
FNDA:2,(anonymous_12)
FNDA:1,(anonymous_13)
FNDA:0,(anonymous_14)
FNDA:10,(anonymous_15)
DA:48,7
DA:49,18
DA:50,18
DA:51,18
DA:52,18
DA:53,18
DA:54,18
DA:57,0
DA:58,0
DA:60,0
DA:61,0
DA:62,0
DA:63,0
DA:64,0
DA:66,0
DA:69,0
DA:73,4
DA:74,4
DA:75,4
DA:79,0
DA:80,0
DA:81,0
DA:83,0
DA:84,0
DA:88,0
DA:98,19
DA:99,19
DA:100,0
DA:101,0
DA:104,19
DA:107,19
DA:108,19
DA:110,19
DA:111,7213
DA:115,19
DA:116,19
DA:117,19
DA:118,19
DA:120,19
DA:122,19
DA:133,0
DA:134,0
DA:135,0
DA:139,0
DA:143,0
DA:147,0
DA:148,0
DA:150,0
DA:155,15
DA:156,15
DA:157,15
DA:158,15
DA:159,15
DA:160,15
DA:165,2
DA:169,1
DA:170,1
DA:171,1
DA:175,0
DA:179,10
DA:180,10
DA:183,10
DA:184,10
DA:186,10
DA:187,3640
DA:188,3640
DA:190,3640
DA:191,3640
DA:192,3640
DA:194,3640
DA:211,10
LF:71
LH:45
BRDA:57,0,0,0
BRDA:57,0,1,0
BRDA:60,1,0,0
BRDA:60,1,1,0
BRDA:79,2,0,0
BRDA:79,2,1,0
BRDA:88,3,0,0
BRDA:88,3,1,0
BRDA:98,4,0,19
BRDA:98,4,1,19
BRDA:99,5,0,0
BRDA:99,5,1,19
BRDA:104,6,0,19
BRDA:104,6,1,0
BRDA:111,7,0,7213
BRDA:111,7,1,7143
BRDA:116,8,0,4
BRDA:116,8,1,15
BRDA:127,9,0,4
BRDA:127,9,1,15
BRDA:133,10,0,0
BRDA:133,10,1,0
BRDA:139,11,0,0
BRDA:139,11,1,0
BRDA:147,12,0,0
BRDA:147,12,1,0
BRDA:169,13,0,1
BRDA:169,13,1,0
BRDA:202,14,0,364
BRDA:202,14,1,3276
BRDA:203,15,0,364
BRDA:203,15,1,3276
BRDA:204,16,0,1820
BRDA:204,16,1,1820
BRF:34
BRH:17
end_of_record
TN:
SF:src/infrastructure/providers/TokenProvider.ts
FN:18,(anonymous_1)
FN:23,(anonymous_2)
FN:53,(anonymous_3)
FN:62,(anonymous_4)
FNF:4
FNH:3
FNDA:8,(anonymous_1)
FNDA:4,(anonymous_2)
FNDA:2,(anonymous_3)
FNDA:0,(anonymous_4)
DA:1,5
DA:3,5
DA:17,5
DA:19,8
DA:20,8
DA:24,4
DA:25,4
DA:26,4
DA:28,4
DA:35,4
DA:42,4
DA:43,4
DA:45,4
DA:54,2
DA:55,2
DA:56,2
DA:58,0
DA:63,0
DA:64,0
DA:65,0
DA:67,0
LF:21
LH:16
BRF:0
BRH:0
end_of_record
TN:
SF:src/infrastructure/providers/TwoFactorProvider.ts
FN:10,(anonymous_1)
FN:22,(anonymous_2)
FN:31,(anonymous_3)
FN:46,(anonymous_4)
FN:49,(anonymous_5)
FN:56,(anonymous_6)
FN:60,(anonymous_7)
FN:65,generateSMSCode
FNF:8
FNH:2
FNDA:0,(anonymous_1)
FNDA:0,(anonymous_2)
FNDA:0,(anonymous_3)
FNDA:8,(anonymous_4)
FNDA:0,(anonymous_5)
FNDA:0,(anonymous_6)
FNDA:1,(anonymous_7)
FNDA:0,generateSMSCode
DA:1,5
DA:9,5
DA:11,0
DA:16,0
DA:23,0
DA:32,0
DA:33,0
DA:34,0
DA:35,0
DA:37,0
DA:46,5
DA:47,8
DA:50,0
DA:51,0
DA:52,0
DA:57,0
DA:61,1
DA:65,5
DA:66,0
LF:19
LH:6
BRDA:18,0,0,0
BRDA:18,0,1,0
BRDA:31,1,0,0
BRF:3
BRH:0
end_of_record
TN:
SF:src/infrastructure/repositories/ConnectionRepository.ts
FN:13,(anonymous_0)
FN:16,(anonymous_1)
FN:21,(anonymous_2)
FN:25,(anonymous_3)
FN:27,(anonymous_4)
FN:28,(anonymous_5)
FN:31,(anonymous_6)
FN:33,(anonymous_7)
FN:36,(anonymous_8)
FN:42,(anonymous_9)
FN:47,(anonymous_10)
FN:51,(anonymous_11)
FNF:12
FNH:7
FNDA:18,(anonymous_0)
FNDA:4,(anonymous_1)
FNDA:19,(anonymous_2)
FNDA:0,(anonymous_3)
FNDA:0,(anonymous_4)
FNDA:0,(anonymous_5)
FNDA:0,(anonymous_6)
FNDA:0,(anonymous_7)
FNDA:15,(anonymous_8)
FNDA:4,(anonymous_9)
FNDA:15,(anonymous_10)
FNDA:13,(anonymous_11)
DA:13,6
DA:14,18
DA:17,4
DA:18,4
DA:22,19
DA:26,0
DA:27,0
DA:28,0
DA:32,0
DA:33,0
DA:37,15
DA:38,15
DA:39,15
DA:43,4
DA:48,15
DA:52,13
LF:16
LH:11
BRDA:22,0,0,19
BRDA:22,0,1,0
BRF:2
BRH:1
end_of_record
TN:
SF:src/infrastructure/repositories/SecurityEventRepository.ts
FN:9,(anonymous_0)
FN:12,(anonymous_1)
FN:17,(anonymous_2)
FN:19,(anonymous_3)
FN:20,(anonymous_4)
FN:25,(anonymous_5)
FNF:6
FNH:6
FNDA:15,(anonymous_0)
FNDA:27,(anonymous_1)
FNDA:10,(anonymous_2)
FNDA:23,(anonymous_3)
FNDA:15,(anonymous_4)
FNDA:4,(anonymous_5)
DA:9,6
DA:10,15
DA:13,27
DA:14,27
DA:18,10
DA:19,23
DA:20,15
DA:26,4
LF:8
LH:8
BRDA:17,0,0,9
BRF:1
BRH:1
end_of_record
TN:
SF:src/infrastructure/repositories/SessionRepository.ts
FN:14,(anonymous_0)
FN:17,(anonymous_1)
FN:21,(anonymous_2)
FN:28,(anonymous_3)
FN:36,(anonymous_4)
FN:41,(anonymous_5)
FN:48,(anonymous_6)
FN:56,(anonymous_7)
FN:68,(anonymous_8)
FNF:9
FNH:5
FNDA:8,(anonymous_0)
FNDA:1,(anonymous_1)
FNDA:0,(anonymous_2)
FNDA:0,(anonymous_3)
FNDA:4,(anonymous_4)
FNDA:1,(anonymous_5)
FNDA:0,(anonymous_6)
FNDA:0,(anonymous_7)
FNDA:3,(anonymous_8)
DA:14,6
DA:15,8
DA:18,1
DA:22,0
DA:23,0
DA:25,0
DA:29,0
DA:30,0
DA:31,0
DA:33,0
DA:37,4
DA:38,4
DA:42,1
DA:43,1
DA:44,1
DA:49,0
DA:50,0
DA:51,0
DA:57,0
DA:58,0
DA:59,0
DA:60,0
DA:61,0
DA:64,0
DA:69,3
LF:25
LH:9
BRDA:18,0,0,1
BRDA:18,0,1,0
BRDA:23,1,0,0
BRDA:23,1,1,0
BRDA:31,2,0,0
BRDA:31,2,1,0
BRDA:43,3,0,1
BRDA:43,3,1,0
BRDA:50,4,0,0
BRDA:50,4,1,0
BRDA:50,5,0,0
BRDA:50,5,1,0
BRDA:59,6,0,0
BRDA:59,6,1,0
BRDA:59,7,0,0
BRDA:59,7,1,0
BRF:16
BRH:2
end_of_record
TN:
SF:src/infrastructure/repositories/SubscriptionRepository.ts
FN:14,(anonymous_0)
FN:17,(anonymous_1)
FN:22,(anonymous_2)
FN:26,(anonymous_3)
FN:28,(anonymous_4)
FN:31,(anonymous_5)
FN:33,(anonymous_6)
FN:36,(anonymous_7)
FN:42,(anonymous_8)
FN:55,(anonymous_9)
FN:60,(anonymous_10)
FN:64,(anonymous_11)
FNF:12
FNH:4
FNDA:5,(anonymous_0)
FNDA:1,(anonymous_1)
FNDA:0,(anonymous_2)
FNDA:0,(anonymous_3)
FNDA:0,(anonymous_4)
FNDA:0,(anonymous_5)
FNDA:0,(anonymous_6)
FNDA:0,(anonymous_7)
FNDA:4,(anonymous_8)
FNDA:0,(anonymous_9)
FNDA:2,(anonymous_10)
FNDA:0,(anonymous_11)
DA:14,5
DA:15,5
DA:18,1
DA:19,1
DA:23,0
DA:27,0
DA:28,0
DA:32,0
DA:33,0
DA:37,0
DA:38,0
DA:39,0
DA:43,4
DA:44,4
DA:45,1
DA:46,1
DA:47,1
DA:48,1
DA:49,1
DA:52,4
DA:56,0
DA:61,2
DA:65,0
LF:23
LH:13
BRDA:23,0,0,0
BRDA:23,0,1,0
BRDA:45,1,0,1
BRDA:45,1,1,0
BRDA:45,2,0,1
BRDA:45,2,1,1
BRF:6
BRH:3
end_of_record
TN:
SF:src/infrastructure/repositories/TransactionRepository.ts
FN:24,(anonymous_0)
FN:28,(anonymous_1)
FN:40,(anonymous_2)
FN:69,(anonymous_3)
FN:73,(anonymous_4)
FN:75,(anonymous_5)
FN:76,(anonymous_6)
FN:87,(anonymous_7)
FN:89,(anonymous_8)
FN:90,(anonymous_9)
FN:93,(anonymous_10)
FN:99,(anonymous_11)
FN:111,(anonymous_12)
FN:113,(anonymous_13)
FN:117,(anonymous_14)
FN:121,(anonymous_15)
FN:123,(anonymous_16)
FN:126,(anonymous_17)
FN:138,(anonymous_18)
FN:151,(anonymous_19)
FN:156,(anonymous_20)
FN:161,(anonymous_21)
FNF:22
FNH:15
FNDA:15,(anonymous_0)
FNDA:10,(anonymous_1)
FNDA:16,(anonymous_2)
FNDA:0,(anonymous_3)
FNDA:4,(anonymous_4)
FNDA:35,(anonymous_5)
FNDA:31,(anonymous_6)
FNDA:2,(anonymous_7)
FNDA:2,(anonymous_8)
FNDA:0,(anonymous_9)
FNDA:0,(anonymous_10)
FNDA:0,(anonymous_11)
FNDA:15,(anonymous_12)
FNDA:70,(anonymous_13)
FNDA:70,(anonymous_14)
FNDA:1,(anonymous_15)
FNDA:5,(anonymous_16)
FNDA:0,(anonymous_17)
FNDA:0,(anonymous_18)
FNDA:15,(anonymous_19)
FNDA:5,(anonymous_20)
FNDA:0,(anonymous_21)
DA:24,2
DA:25,15
DA:26,15
DA:30,10
DA:31,10
DA:32,0
DA:35,10
DA:36,10
DA:37,10
DA:41,16
DA:48,16
DA:49,16
DA:50,46
DA:52,46
DA:54,3646
DA:55,1
DA:56,1
DA:59,3645
DA:60,3645
DA:61,3645
DA:62,3645
DA:66,16
DA:70,0
DA:74,4
DA:75,35
DA:76,31
DA:78,4
DA:79,2
DA:81,2
DA:82,1
DA:84,1
DA:88,2
DA:89,2
DA:90,0
DA:94,0
DA:95,0
DA:96,0
DA:100,0
DA:101,0
DA:102,0
DA:103,0
DA:104,0
DA:105,0
DA:108,0
DA:112,15
DA:113,70
DA:115,15
DA:117,3
DA:118,70
DA:122,1
DA:123,5
DA:127,0
DA:128,0
DA:129,0
DA:130,0
DA:131,0
DA:132,0
DA:135,0
DA:139,0
DA:140,0
DA:141,0
DA:142,0
DA:143,0
DA:144,0
DA:147,0
DA:152,15
DA:153,15
DA:157,5
DA:158,5
DA:162,0
LF:70
LH:42
BRDA:31,0,0,0
BRDA:31,0,1,10
BRDA:31,1,0,10
BRDA:31,1,1,0
BRDA:54,2,0,1
BRDA:54,2,1,3645
BRDA:70,3,0,0
BRDA:70,3,1,0
BRDA:78,4,0,2
BRDA:78,4,1,2
BRDA:78,5,0,4
BRDA:78,5,1,2
BRDA:81,6,0,1
BRDA:81,6,1,1
BRDA:95,7,0,0
BRDA:95,7,1,0
BRDA:96,8,0,0
BRDA:96,8,1,0
BRDA:103,9,0,0
BRDA:103,9,1,0
BRDA:105,10,0,0
BRDA:105,10,1,0
BRDA:115,11,0,12
BRDA:115,11,1,3
BRDA:118,12,0,0
BRDA:118,12,1,70
BRDA:129,13,0,0
BRDA:129,13,1,0
BRDA:141,14,0,0
BRDA:141,14,1,0
BRF:30
BRH:13
end_of_record
TN:
SF:src/infrastructure/repositories/UserRepository.ts
FN:17,(anonymous_0)
FN:20,(anonymous_1)
FN:24,(anonymous_2)
FN:31,(anonymous_3)
FN:38,(anonymous_4)
FN:43,(anonymous_5)
FN:53,(anonymous_6)
FN:61,(anonymous_7)
FN:71,(anonymous_8)
FN:80,(anonymous_9)
FN:84,(anonymous_10)
FN:95,(anonymous_11)
FNF:12
FNH:4
FNDA:8,(anonymous_0)
FNDA:0,(anonymous_1)
FNDA:6,(anonymous_2)
FNDA:0,(anonymous_3)
FNDA:6,(anonymous_4)
FNDA:0,(anonymous_5)
FNDA:0,(anonymous_6)
FNDA:0,(anonymous_7)
FNDA:0,(anonymous_8)
FNDA:0,(anonymous_9)
FNDA:0,(anonymous_10)
FNDA:3,(anonymous_11)
DA:17,6
DA:18,8
DA:21,0
DA:25,6
DA:26,4
DA:28,2
DA:32,0
DA:33,0
DA:35,0
DA:39,6
DA:40,6
DA:44,0
DA:45,0
DA:46,0
DA:48,0
DA:49,0
DA:50,0
DA:54,0
DA:55,0
DA:56,0
DA:57,0
DA:62,0
DA:63,0
DA:64,0
DA:65,0
DA:66,0
DA:67,0
DA:72,0
DA:73,0
DA:74,0
DA:75,0
DA:76,0
DA:81,0
DA:85,0
DA:86,0
DA:87,0
DA:88,0
DA:91,0
DA:96,3
LF:39
LH:8
BRDA:21,0,0,0
BRDA:21,0,1,0
BRDA:26,1,0,4
BRDA:26,1,1,0
BRDA:33,2,0,0
BRDA:33,2,1,0
BRDA:33,3,0,0
BRDA:33,3,1,0
BRDA:45,4,0,0
BRDA:45,4,1,0
BRDA:55,5,0,0
BRDA:55,5,1,0
BRDA:63,6,0,0
BRDA:63,6,1,0
BRDA:73,7,0,0
BRDA:73,7,1,0
BRDA:87,8,0,0
BRDA:87,8,1,0
BRDA:87,9,0,0
BRDA:87,9,1,0
BRF:20
BRH:1
end_of_record
